<?xml version="1.0" encoding="UTF-8"?>
<testng-results ignored="0" total="1" passed="1" failed="0" skipped="0">
  <reporter-output>
  </reporter-output>
  <suite started-at="2024-02-07T21:40:23 CST" name="Default suite" finished-at="2024-02-07T21:40:36 CST" duration-ms="12628">
    <groups>
    </groups>
    <test started-at="2024-02-07T21:40:23 CST" name="Default test" finished-at="2024-02-07T21:40:36 CST" duration-ms="12628">
      <class name="test.NewCustomerTest">
        <test-method signature="userShouldBeAbleToAddNewCustomer()[pri:0, instance:test.NewCustomerTest@7671cb68]" started-at="2024-02-07T21:40:23 CST" name="userShouldBeAbleToAddNewCustomer" finished-at="2024-02-07T21:40:36 CST" duration-ms="12609" status="PASS">
          <reporter-output>
          </reporter-output>
        </test-method> <!-- userShouldBeAbleToAddNewCustomer -->
      </class> <!-- test.NewCustomerTest -->
    </test> <!-- Default test -->
  </suite> <!-- Default suite -->
</testng-results>
